2025-12-25 10:56:36 从配置文件读取到 1 个投资组合
2025-12-25 10:56:36 
处理投资组合: vp08_hs300_HB 
2025-12-25 10:56:36   日期范围: 2025-11-02 到 2025-11-07
2025-12-25 10:56:37 工作日列表: 2025-11-02 到 2025-11-07，共 5 天
2025-12-25 10:56:44 目标股票数量: 320
2025-12-25 10:56:44 最终股票数量: 320 (其中指数成分股: 299, top股票: 10, 补充股票: 11)
2025-12-25 10:56:49 目标股票数量: 320
2025-12-25 10:56:49 最终股票数量: 320 (其中指数成分股: 299, top股票: 10, 补充股票: 11)
2025-12-25 10:56:54 目标股票数量: 320
2025-12-25 10:56:54 最终股票数量: 320 (其中指数成分股: 299, top股票: 10, 补充股票: 11)
2025-12-25 10:56:58 目标股票数量: 320
2025-12-25 10:56:58 最终股票数量: 320 (其中指数成分股: 299, top股票: 10, 补充股票: 11)
2025-12-25 10:57:02 目标股票数量: 320
2025-12-25 10:57:02 最终股票数量: 320 (其中指数成分股: 299, top股票: 10, 补充股票: 11)
2025-12-25 10:57:05 从配置文件读取到 1 个投资组合
2025-12-25 10:57:05 开始优化投资组合: vp08_hs300_HB 
2025-12-25 10:57:05   日期范围: 2025-11-02 到 2025-11-07
2025-12-25 10:57:05 工作日列表: 2025-11-02 到 2025-11-07，共 5 天
2025-12-25 10:57:05 正在优化: vp08_hs300_HB - 2025-11-03
2025-12-25 10:57:05 MATLAB函数开始处理路径: E:\test\yfr\vp08_hs300_HB\2025-11-03
2025-12-25 10:57:05 配置文件不存在，使用默认配置
2025-12-25 10:57:05 使用指定的并行工作进程数: 6
2025-12-25 10:57:05 配置并行计算，最大工作进程数: 6
2025-12-25 10:57:05 创建新并行池 6 个工作进程
2025-12-25 10:57:05 创建新并行池 6 个工作进程
2025-12-25 10:57:35 并行池创建完毕，NumWorkers=6
2025-12-25 10:57:36 无法在 worker 上添加 utils 路径: 运算符的使用无效。
2025-12-25 10:57:36 开始读取数据...
2025-12-25 10:57:36 开始读取数据: E:\test\yfr\vp08_hs300_HB\2025-11-03
2025-12-25 10:57:36 风格因子数量: 11
2025-12-25 10:57:36 风格因子表类型: table, 维度: 11x1
2025-12-25 10:57:36 行业因子数量: 30
2025-12-25 10:57:36 行业因子表类型: table, 维度: 30x1
2025-12-25 10:57:37 股票风险暴露包含字段: data, textdata, colheaders
2025-12-25 10:57:37 股票风险暴露数据类型: double, 维度: 320x39
2025-12-25 10:57:37 股票分数包含字段: data, textdata, colheaders
2025-12-25 10:57:37 股票分数数据类型: double, 维度: 320x1
2025-12-25 10:57:37 权重下限包含字段: data, textdata, colheaders
2025-12-25 10:57:37 权重下限数据类型: double, 维度: 320x1
2025-12-25 10:57:37 权重上限包含字段: data, textdata, colheaders
2025-12-25 10:57:37 权重上限数据类型: double, 维度: 320x1
2025-12-25 10:57:37 指数初始权重包含字段: data, textdata, colheaders
2025-12-25 10:57:37 指数初始权重数据类型: double, 维度: 320x1
2025-12-25 10:57:37 股票特异风险包含字段: data, textdata, colheaders
2025-12-25 10:57:37 股票特异风险数据类型: double, 维度: 1x320
2025-12-25 10:57:37 因子协方差包含字段: data, textdata, colheaders
2025-12-25 10:57:37 因子协方差数据类型: double, 维度: 39x39
2025-12-25 10:57:37 因子约束上限数据类型: double, 维度: 1x40
2025-12-25 10:57:37 跟踪误差约束: 0.080000
2025-12-25 10:57:37 处理后的因子约束上限维度: 39x1
2025-12-25 10:57:37 换手率约束包含字段: data, textdata, rowheaders
2025-12-25 10:57:37 最大换手率限制: 1.00
2025-12-25 10:57:37 从配置文件读取权重：分数权重=1.00, 夏普比率权重=0.00
2025-12-25 10:57:37 股票数量: 320
2025-12-25 10:57:37 警告: 因子约束上限向量长度不足，需41，实际为39
2025-12-25 10:57:37 已扩展因子约束上限向量长度至41
2025-12-25 10:57:37 警告: 因子约束下限向量长度不足，需41，实际为39
2025-12-25 10:57:37 已扩展因子约束下限向量长度至41
2025-12-25 10:57:37 风格权重上限维度: 11x1
2025-12-25 10:57:37 风格权重下限维度: 11x1
2025-12-25 10:57:37 行业权重上限维度: 30x1
2025-12-25 10:57:37 行业权重下限维度: 30x1
2025-12-25 10:57:37 警告: 股票风险暴露维度不足，需41列，实际只有39列
2025-12-25 10:57:37 警告: 指数风险暴露维度不足，需41列，实际只有39列
2025-12-25 10:57:37 风格风险暴露维度: 320x11
2025-12-25 10:57:37 行业风险暴露维度: 320x28
2025-12-25 10:57:37 指数风格风险暴露维度: 11x1
2025-12-25 10:57:37 指数行业风险暴露维度: 30x1
2025-12-25 10:57:37 计算协方差矩阵...
2025-12-25 10:57:37 将股票特异风险转换为列向量，维度: 320x1
2025-12-25 10:57:38 协方差矩阵不是正定的，最小特征值: -0.000000，添加正则化项
2025-12-25 10:57:38 协方差矩阵维度: 320x320
2025-12-25 10:57:38 初始权重包含字段: data, textdata, colheaders
2025-12-25 10:57:38 初始权重数据类型: double, 维度: 320x1
2025-12-25 10:57:38 昨天权重数据维度: 310x1, 代码数量: 310
2025-12-25 10:57:38 今天代码数量: 320
2025-12-25 10:57:38 昨天权重总和: 1.963495
2025-12-25 10:57:38 警告: 昨天权重总和(1.963495)偏离1.0，进行归一化
2025-12-25 10:57:38 成功匹配股票代码: 264/320
2025-12-25 10:57:38 换手率基准权重总和: 1.000000
2025-12-25 10:57:38 使用昨天权重作为换手率计算基准（按代码匹配）
2025-12-25 10:57:38 检测到yes文件，应用权重约束...
2025-12-25 10:57:38 代码数量: 310, 权重数量: 310，允许权重约束
2025-12-25 10:57:38 应用yes权重后年化跟踪误差项为：0.038362
2025-12-25 10:57:38 权重约束应用完成，最终权重维度: 320x1
2025-12-25 10:57:38 转置后的股票分数维度: 1x320
2025-12-25 10:57:38 目标函数设置：分数权重=1.00, 夏普比率权重=0.00
2025-12-25 10:57:38 调试目标函数计算...
2025-12-25 10:57:38 协方差矩阵V检查:
2025-12-25 10:57:38   V维度: 320x320
2025-12-25 10:57:38   V中的NaN数量: 0
2025-12-25 10:57:38   V中的Inf数量: 0
2025-12-25 10:57:38   V中的负数数量: 18022
2025-12-25 10:57:38   V的最小值: -0.000172
2025-12-25 10:57:38   V的最大值: 0.003604
2025-12-25 10:57:38   V的最小特征值: 0.000001
2025-12-25 10:57:38 分数组件: 0.272968
2025-12-25 10:57:38 风险组件 (x'Vx*252): 0.084304
2025-12-25 10:57:38 风险标准差: 0.290352
2025-12-25 10:57:38 夏普比率组件: 0.940127
2025-12-25 10:57:38 目标函数值: 0.272968
2025-12-25 10:57:38 警告: 初始点权重和(2.111869)偏离1.0，进行归一化调整
2025-12-25 10:57:38 初始解维度: 320x1
2025-12-25 10:57:38 下界维度: 320x1
2025-12-25 10:57:38 上界维度: 320x1
2025-12-25 10:57:38 验证初始点:
2025-12-25 10:57:38 初始点 x0 中的 NaN: 0, Inf: 0
2025-12-25 10:57:38 初始点 x0 范围: [0.000000, 0.052111]
2025-12-25 10:57:38 初始点 x0 和: 1.000000
2025-12-25 10:57:38 初始点约束条件 g0 中的 NaN: 0, Inf: 0
2025-12-25 10:57:38 初始点约束条件 g0 范围: [-115331.028764, 0.012650]
2025-12-25 10:57:38 违反的约束数量: 1 / 84
2025-12-25 10:57:38 违反的约束详情:
2025-12-25 10:57:38   风格因子上限违反: 0 / 11
2025-12-25 10:57:38   风格因子下限违反: 1 / 11
2025-12-25 10:57:38   行业因子上限违反: 0 / 30
2025-12-25 10:57:38   行业因子下限违反: 0 / 30
2025-12-25 10:57:38   跟踪误差约束违反: -0.071676 (限制: 0.080000)
2025-12-25 10:57:38   换手率约束违反: -0.517832 (限制: 1.000000)
2025-12-25 10:57:38 线性等式约束维度: Aeq(1x320), beq(1x1)
2025-12-25 10:57:40 优化选项设置完成: 算法=sqp, 最大函数评估次数=800000, 并行计算=true
2025-12-25 10:57:40 开始求解优化问题...
2025-12-25 10:57:40 开始求解优化问题
2025-12-25 10:57:42 fmincon 返回: exitflag=-2, fval=-0.091143
2025-12-25 10:57:42 优化失败但约束违反较小(0.001000)，尝试微调约束容忍度...
2025-12-25 10:57:42 使用微调后的约束容忍度重新优化...
2025-12-25 10:57:44 微调约束容忍度优化也失败，使用原始结果
2025-12-25 10:57:44 约束违反很小(0.001000)，接受当前解作为近似最优解
2025-12-25 10:57:44 优化完成，输出标志: 1
2025-12-25 10:57:44 优化完成，输出标志: 1
2025-12-25 10:57:44 目标函数值: -0.091143
2025-12-25 10:57:44 优化成功完成：
2025-12-25 10:57:44   找到满足约束条件的局部最小值
2025-12-25 10:57:44 函数评估次数: 1333
2025-12-25 10:57:44 一阶最优性: 3.209450e-02
2025-12-25 10:57:44 约束违反值: 1.000000e-03
2025-12-25 10:57:44 检测到 82 个负数权重，将其设为0并重新归一化
2025-12-25 10:57:44 实际换手率: 0.7798 (限制: 1.0000)
2025-12-25 10:57:44 换手率基准权重总和: 1.0000
2025-12-25 10:57:44 最终权重总和: 1.0000
2025-12-25 10:57:44 最大权重变化: 0.0281 (股票: 601138.SH)
2025-12-25 10:57:44 投资组合风险: 0.029021
2025-12-25 10:57:44 最终分数: 0.091143
2025-12-25 10:57:44 权重总和: 1.000000
2025-12-25 10:57:44 风格风险维度: 11x1
2025-12-25 10:57:44 行业风险维度: 30x1
2025-12-25 10:57:44 行业风险比率维度: 30x1
2025-12-25 10:57:44 优化完成，总时间: 38.67秒
2025-12-25 10:57:44 优化完成: vp08_hs300_HB - 2025-11-03
2025-12-25 10:57:44 正在优化: vp08_hs300_HB - 2025-11-04
2025-12-25 10:57:44 MATLAB函数开始处理路径: E:\test\yfr\vp08_hs300_HB\2025-11-04
2025-12-25 10:57:44 配置文件不存在，使用默认配置
2025-12-25 10:57:44 使用指定的并行工作进程数: 6
2025-12-25 10:57:44 配置并行计算，最大工作进程数: 6
2025-12-25 10:57:44 复用现有并行池，6个工作进程
2025-12-25 10:57:44 开始读取数据...
2025-12-25 10:57:44 开始读取数据: E:\test\yfr\vp08_hs300_HB\2025-11-04
2025-12-25 10:57:44 风格因子数量: 11
2025-12-25 10:57:44 风格因子表类型: table, 维度: 11x1
2025-12-25 10:57:44 行业因子数量: 30
2025-12-25 10:57:44 行业因子表类型: table, 维度: 30x1
2025-12-25 10:57:44 股票风险暴露包含字段: data, textdata, colheaders
2025-12-25 10:57:44 股票风险暴露数据类型: double, 维度: 320x39
2025-12-25 10:57:44 股票分数包含字段: data, textdata, colheaders
2025-12-25 10:57:44 股票分数数据类型: double, 维度: 320x1
2025-12-25 10:57:44 权重下限包含字段: data, textdata, colheaders
2025-12-25 10:57:44 权重下限数据类型: double, 维度: 320x1
2025-12-25 10:57:44 权重上限包含字段: data, textdata, colheaders
2025-12-25 10:57:44 权重上限数据类型: double, 维度: 320x1
2025-12-25 10:57:44 指数初始权重包含字段: data, textdata, colheaders
2025-12-25 10:57:44 指数初始权重数据类型: double, 维度: 320x1
2025-12-25 10:57:44 股票特异风险包含字段: data, textdata, colheaders
2025-12-25 10:57:44 股票特异风险数据类型: double, 维度: 1x320
2025-12-25 10:57:44 因子协方差包含字段: data, textdata, colheaders
2025-12-25 10:57:44 因子协方差数据类型: double, 维度: 39x39
2025-12-25 10:57:44 因子约束上限数据类型: double, 维度: 1x40
2025-12-25 10:57:44 跟踪误差约束: 0.080000
2025-12-25 10:57:44 处理后的因子约束上限维度: 39x1
2025-12-25 10:57:44 换手率约束包含字段: data, textdata, rowheaders
2025-12-25 10:57:44 最大换手率限制: 1.00
2025-12-25 10:57:44 从配置文件读取权重：分数权重=1.00, 夏普比率权重=0.00
2025-12-25 10:57:44 股票数量: 320
2025-12-25 10:57:44 警告: 因子约束上限向量长度不足，需41，实际为39
2025-12-25 10:57:44 已扩展因子约束上限向量长度至41
2025-12-25 10:57:44 警告: 因子约束下限向量长度不足，需41，实际为39
2025-12-25 10:57:44 已扩展因子约束下限向量长度至41
2025-12-25 10:57:44 风格权重上限维度: 11x1
2025-12-25 10:57:44 风格权重下限维度: 11x1
2025-12-25 10:57:44 行业权重上限维度: 30x1
2025-12-25 10:57:44 行业权重下限维度: 30x1
2025-12-25 10:57:44 警告: 股票风险暴露维度不足，需41列，实际只有39列
2025-12-25 10:57:44 警告: 指数风险暴露维度不足，需41列，实际只有39列
2025-12-25 10:57:44 风格风险暴露维度: 320x11
2025-12-25 10:57:44 行业风险暴露维度: 320x28
2025-12-25 10:57:44 指数风格风险暴露维度: 11x1
2025-12-25 10:57:44 指数行业风险暴露维度: 30x1
2025-12-25 10:57:44 计算协方差矩阵...
2025-12-25 10:57:44 将股票特异风险转换为列向量，维度: 320x1
2025-12-25 10:57:44 协方差矩阵不是正定的，最小特征值: -0.000000，添加正则化项
2025-12-25 10:57:44 协方差矩阵维度: 320x320
2025-12-25 10:57:44 初始权重包含字段: data, textdata, colheaders
2025-12-25 10:57:44 初始权重数据类型: double, 维度: 320x1
2025-12-25 10:57:44 昨天权重数据维度: 320x1, 代码数量: 320
2025-12-25 10:57:44 今天代码数量: 320
2025-12-25 10:57:44 昨天权重总和: 1.000000
2025-12-25 10:57:44 成功匹配股票代码: 229/320
2025-12-25 10:57:44 换手率基准权重总和: 1.000000
2025-12-25 10:57:44 使用昨天权重作为换手率计算基准（按代码匹配）
2025-12-25 10:57:44 检测到yes文件，应用权重约束...
2025-12-25 10:57:44 代码数量: 320, 权重数量: 320，允许权重约束
2025-12-25 10:57:45 应用yes权重后年化跟踪误差项为：0.019063
2025-12-25 10:57:45 权重约束应用完成，最终权重维度: 320x1
2025-12-25 10:57:45 转置后的股票分数维度: 1x320
2025-12-25 10:57:45 目标函数设置：分数权重=1.00, 夏普比率权重=0.00
2025-12-25 10:57:45 调试目标函数计算...
2025-12-25 10:57:45 协方差矩阵V检查:
2025-12-25 10:57:45   V维度: 320x320
2025-12-25 10:57:45   V中的NaN数量: 0
2025-12-25 10:57:45   V中的Inf数量: 0
2025-12-25 10:57:45   V中的负数数量: 17098
2025-12-25 10:57:45   V的最小值: -0.000162
2025-12-25 10:57:45   V的最大值: 0.003646
2025-12-25 10:57:45   V的最小特征值: 0.000001
2025-12-25 10:57:45 分数组件: 0.390669
2025-12-25 10:57:45 风险组件 (x'Vx*252): 0.040465
2025-12-25 10:57:45 风险标准差: 0.201159
2025-12-25 10:57:45 夏普比率组件: 1.942090
2025-12-25 10:57:45 目标函数值: 0.390669
2025-12-25 10:57:45 警告: 初始点权重和(1.158619)偏离1.0，进行归一化调整
2025-12-25 10:57:45 初始解维度: 320x1
2025-12-25 10:57:45 下界维度: 320x1
2025-12-25 10:57:45 上界维度: 320x1
2025-12-25 10:57:45 验证初始点:
2025-12-25 10:57:45 初始点 x0 中的 NaN: 0, Inf: 0
2025-12-25 10:57:45 初始点 x0 范围: [0.000000, 0.043206]
2025-12-25 10:57:45 初始点 x0 和: 1.000000
2025-12-25 10:57:45 初始点约束条件 g0 中的 NaN: 0, Inf: 0
2025-12-25 10:57:45 初始点约束条件 g0 范围: [-115333.014146, 0.147408]
2025-12-25 10:57:45 违反的约束数量: 2 / 84
2025-12-25 10:57:45 违反的约束详情:
2025-12-25 10:57:45   风格因子上限违反: 0 / 11
2025-12-25 10:57:45   风格因子下限违反: 1 / 11
2025-12-25 10:57:45   行业因子上限违反: 1 / 30
2025-12-25 10:57:45   行业因子下限违反: 0 / 30
2025-12-25 10:57:45   跟踪误差约束违反: -0.060023 (限制: 0.080000)
2025-12-25 10:57:45   换手率约束违反: -0.633986 (限制: 1.000000)
2025-12-25 10:57:45 线性等式约束维度: Aeq(1x320), beq(1x1)
2025-12-25 10:57:45 优化选项设置完成: 算法=sqp, 最大函数评估次数=800000, 并行计算=true
2025-12-25 10:57:45 开始求解优化问题...
2025-12-25 10:57:45 开始求解优化问题
2025-12-25 10:57:46 fmincon 返回: exitflag=-2, fval=-0.076106
2025-12-25 10:57:46 优化失败但约束违反较小(0.001000)，尝试微调约束容忍度...
2025-12-25 10:57:46 使用微调后的约束容忍度重新优化...
2025-12-25 10:57:46 微调约束容忍度优化也失败，使用原始结果
2025-12-25 10:57:46 约束违反很小(0.001000)，接受当前解作为近似最优解
2025-12-25 10:57:46 优化完成，输出标志: 1
2025-12-25 10:57:46 优化完成，输出标志: 1
2025-12-25 10:57:46 目标函数值: -0.076106
2025-12-25 10:57:46 优化成功完成：
2025-12-25 10:57:46   找到满足约束条件的局部最小值
2025-12-25 10:57:46 函数评估次数: 1972
2025-12-25 10:57:46 一阶最优性: 4.715279e-03
2025-12-25 10:57:46 约束违反值: 1.000000e-03
2025-12-25 10:57:46 检测到 75 个负数权重，将其设为0并重新归一化
2025-12-25 10:57:46 实际换手率: 0.7301 (限制: 1.0000)
2025-12-25 10:57:46 换手率基准权重总和: 1.0000
2025-12-25 10:57:46 最终权重总和: 1.0000
2025-12-25 10:57:46 最大权重变化: 0.0463 (股票: 300750.SZ)
2025-12-25 10:57:46 投资组合风险: 0.031859
2025-12-25 10:57:46 最终分数: 0.076106
2025-12-25 10:57:46 权重总和: 1.000000
2025-12-25 10:57:46 风格风险维度: 11x1
2025-12-25 10:57:46 行业风险维度: 30x1
2025-12-25 10:57:46 行业风险比率维度: 30x1
2025-12-25 10:57:46 优化完成，总时间: 2.29秒
2025-12-25 10:57:46 优化完成: vp08_hs300_HB - 2025-11-04
2025-12-25 10:57:46 正在优化: vp08_hs300_HB - 2025-11-05
2025-12-25 10:57:46 MATLAB函数开始处理路径: E:\test\yfr\vp08_hs300_HB\2025-11-05
2025-12-25 10:57:46 配置文件不存在，使用默认配置
2025-12-25 10:57:46 使用指定的并行工作进程数: 6
2025-12-25 10:57:46 配置并行计算，最大工作进程数: 6
2025-12-25 10:57:46 复用现有并行池，6个工作进程
2025-12-25 10:57:46 开始读取数据...
2025-12-25 10:57:46 开始读取数据: E:\test\yfr\vp08_hs300_HB\2025-11-05
2025-12-25 10:57:46 风格因子数量: 11
2025-12-25 10:57:46 风格因子表类型: table, 维度: 11x1
2025-12-25 10:57:47 行业因子数量: 30
2025-12-25 10:57:47 行业因子表类型: table, 维度: 30x1
2025-12-25 10:57:47 股票风险暴露包含字段: data, textdata, colheaders
2025-12-25 10:57:47 股票风险暴露数据类型: double, 维度: 320x39
2025-12-25 10:57:47 股票分数包含字段: data, textdata, colheaders
2025-12-25 10:57:47 股票分数数据类型: double, 维度: 320x1
2025-12-25 10:57:47 权重下限包含字段: data, textdata, colheaders
2025-12-25 10:57:47 权重下限数据类型: double, 维度: 320x1
2025-12-25 10:57:47 权重上限包含字段: data, textdata, colheaders
2025-12-25 10:57:47 权重上限数据类型: double, 维度: 320x1
2025-12-25 10:57:47 指数初始权重包含字段: data, textdata, colheaders
2025-12-25 10:57:47 指数初始权重数据类型: double, 维度: 320x1
2025-12-25 10:57:47 股票特异风险包含字段: data, textdata, colheaders
2025-12-25 10:57:47 股票特异风险数据类型: double, 维度: 1x320
2025-12-25 10:57:47 因子协方差包含字段: data, textdata, colheaders
2025-12-25 10:57:47 因子协方差数据类型: double, 维度: 39x39
2025-12-25 10:57:47 因子约束上限数据类型: double, 维度: 1x40
2025-12-25 10:57:47 跟踪误差约束: 0.080000
2025-12-25 10:57:47 处理后的因子约束上限维度: 39x1
2025-12-25 10:57:47 换手率约束包含字段: data, textdata, rowheaders
2025-12-25 10:57:47 最大换手率限制: 1.00
2025-12-25 10:57:47 从配置文件读取权重：分数权重=1.00, 夏普比率权重=0.00
2025-12-25 10:57:47 股票数量: 320
2025-12-25 10:57:47 警告: 因子约束上限向量长度不足，需41，实际为39
2025-12-25 10:57:47 已扩展因子约束上限向量长度至41
2025-12-25 10:57:47 警告: 因子约束下限向量长度不足，需41，实际为39
2025-12-25 10:57:47 已扩展因子约束下限向量长度至41
2025-12-25 10:57:47 风格权重上限维度: 11x1
2025-12-25 10:57:47 风格权重下限维度: 11x1
2025-12-25 10:57:47 行业权重上限维度: 30x1
2025-12-25 10:57:47 行业权重下限维度: 30x1
2025-12-25 10:57:47 警告: 股票风险暴露维度不足，需41列，实际只有39列
2025-12-25 10:57:47 警告: 指数风险暴露维度不足，需41列，实际只有39列
2025-12-25 10:57:47 风格风险暴露维度: 320x11
2025-12-25 10:57:47 行业风险暴露维度: 320x28
2025-12-25 10:57:47 指数风格风险暴露维度: 11x1
2025-12-25 10:57:47 指数行业风险暴露维度: 30x1
2025-12-25 10:57:47 计算协方差矩阵...
2025-12-25 10:57:47 将股票特异风险转换为列向量，维度: 320x1
2025-12-25 10:57:47 协方差矩阵不是正定的，最小特征值: -0.000000，添加正则化项
2025-12-25 10:57:47 协方差矩阵维度: 320x320
2025-12-25 10:57:47 初始权重包含字段: data, textdata, colheaders
2025-12-25 10:57:47 初始权重数据类型: double, 维度: 320x1
2025-12-25 10:57:47 昨天权重数据维度: 320x1, 代码数量: 320
2025-12-25 10:57:47 今天代码数量: 320
2025-12-25 10:57:47 昨天权重总和: 1.000000
2025-12-25 10:57:47 成功匹配股票代码: 231/320
2025-12-25 10:57:47 换手率基准权重总和: 0.997093
2025-12-25 10:57:47 使用昨天权重作为换手率计算基准（按代码匹配）
2025-12-25 10:57:47 检测到yes文件，应用权重约束...
2025-12-25 10:57:47 代码数量: 320, 权重数量: 320，允许权重约束
2025-12-25 10:57:47 应用yes权重后年化跟踪误差项为：0.065122
2025-12-25 10:57:47 权重约束应用完成，最终权重维度: 320x1
2025-12-25 10:57:47 转置后的股票分数维度: 1x320
2025-12-25 10:57:47 目标函数设置：分数权重=1.00, 夏普比率权重=0.00
2025-12-25 10:57:47 调试目标函数计算...
2025-12-25 10:57:47 协方差矩阵V检查:
2025-12-25 10:57:47   V维度: 320x320
2025-12-25 10:57:47   V中的NaN数量: 0
2025-12-25 10:57:47   V中的Inf数量: 0
2025-12-25 10:57:47   V中的负数数量: 22750
2025-12-25 10:57:47   V的最小值: -0.000225
2025-12-25 10:57:47   V的最大值: 0.003110
2025-12-25 10:57:47   V的最小特征值: 0.000001
2025-12-25 10:57:47 分数组件: 0.049084
2025-12-25 10:57:47 风险组件 (x'Vx*252): 0.095289
2025-12-25 10:57:47 风险标准差: 0.308690
2025-12-25 10:57:47 夏普比率组件: 0.159007
2025-12-25 10:57:47 目标函数值: 0.049084
2025-12-25 10:57:47 警告: 初始点权重和(1.185063)偏离1.0，进行归一化调整
2025-12-25 10:57:47 初始解维度: 320x1
2025-12-25 10:57:47 下界维度: 320x1
2025-12-25 10:57:47 上界维度: 320x1
2025-12-25 10:57:47 验证初始点:
2025-12-25 10:57:47 初始点 x0 中的 NaN: 0, Inf: 0
2025-12-25 10:57:47 初始点 x0 范围: [0.000000, 0.034767]
2025-12-25 10:57:47 初始点 x0 和: 1.000000
2025-12-25 10:57:47 初始点约束条件 g0 中的 NaN: 0, Inf: 0
2025-12-25 10:57:47 初始点约束条件 g0 范围: [-114901.058662, 0.132349]
2025-12-25 10:57:47 违反的约束数量: 1 / 84
2025-12-25 10:57:47 违反的约束详情:
2025-12-25 10:57:47   风格因子上限违反: 1 / 11
2025-12-25 10:57:47   风格因子下限违反: 0 / 11
2025-12-25 10:57:47   行业因子上限违反: 0 / 30
2025-12-25 10:57:47   行业因子下限违反: 0 / 30
2025-12-25 10:57:47   跟踪误差约束违反: -0.054602 (限制: 0.080000)
2025-12-25 10:57:47   换手率约束违反: -0.464843 (限制: 1.000000)
2025-12-25 10:57:47 线性等式约束维度: Aeq(1x320), beq(1x1)
2025-12-25 10:57:47 优化选项设置完成: 算法=sqp, 最大函数评估次数=800000, 并行计算=true
2025-12-25 10:57:47 开始求解优化问题...
2025-12-25 10:57:47 开始求解优化问题
2025-12-25 10:57:48 fmincon 返回: exitflag=-2, fval=-0.016263
2025-12-25 10:57:48 优化完成，输出标志: -2
2025-12-25 10:57:48 优化完成，输出标志: -2
2025-12-25 10:57:48 目标函数值: -0.016263
2025-12-25 10:57:48 未找到可行解
2025-12-25 10:57:48 函数评估次数: 1976
2025-12-25 10:57:48 一阶最优性: 1.191381e-02
2025-12-25 10:57:48 约束违反值: 7.338226e-02
2025-12-25 10:57:48 检测到 101 个负数权重，将其设为0并重新归一化
2025-12-25 10:57:48 实际换手率: 0.9832 (限制: 1.0000)
2025-12-25 10:57:48 换手率基准权重总和: 0.9971
2025-12-25 10:57:48 最终权重总和: 1.0000
2025-12-25 10:57:48 最大权重变化: 0.0449 (股票: 600519.SH)
2025-12-25 10:57:48 投资组合风险: 0.032699
2025-12-25 10:57:48 最终分数: 0.016263
2025-12-25 10:57:48 权重总和: 1.000000
2025-12-25 10:57:48 风格风险维度: 11x1
2025-12-25 10:57:48 行业风险维度: 30x1
2025-12-25 10:57:48 行业风险比率维度: 30x1
2025-12-25 10:57:48 优化完成，总时间: 1.72秒
2025-12-25 10:57:48 优化完成: vp08_hs300_HB - 2025-11-05
2025-12-25 10:57:48 正在优化: vp08_hs300_HB - 2025-11-06
2025-12-25 10:57:48 MATLAB函数开始处理路径: E:\test\yfr\vp08_hs300_HB\2025-11-06
2025-12-25 10:57:48 配置文件不存在，使用默认配置
2025-12-25 10:57:48 使用指定的并行工作进程数: 6
2025-12-25 10:57:48 配置并行计算，最大工作进程数: 6
2025-12-25 10:57:48 复用现有并行池，6个工作进程
2025-12-25 10:57:48 开始读取数据...
2025-12-25 10:57:48 开始读取数据: E:\test\yfr\vp08_hs300_HB\2025-11-06
2025-12-25 10:57:48 风格因子数量: 11
2025-12-25 10:57:48 风格因子表类型: table, 维度: 11x1
2025-12-25 10:57:48 行业因子数量: 30
2025-12-25 10:57:48 行业因子表类型: table, 维度: 30x1
2025-12-25 10:57:48 股票风险暴露包含字段: data, textdata, colheaders
2025-12-25 10:57:48 股票风险暴露数据类型: double, 维度: 320x39
2025-12-25 10:57:48 股票分数包含字段: data, textdata, colheaders
2025-12-25 10:57:48 股票分数数据类型: double, 维度: 320x1
2025-12-25 10:57:48 权重下限包含字段: data, textdata, colheaders
2025-12-25 10:57:48 权重下限数据类型: double, 维度: 320x1
2025-12-25 10:57:48 权重上限包含字段: data, textdata, colheaders
2025-12-25 10:57:48 权重上限数据类型: double, 维度: 320x1
2025-12-25 10:57:48 指数初始权重包含字段: data, textdata, colheaders
2025-12-25 10:57:48 指数初始权重数据类型: double, 维度: 320x1
2025-12-25 10:57:48 股票特异风险包含字段: data, textdata, colheaders
2025-12-25 10:57:48 股票特异风险数据类型: double, 维度: 1x320
2025-12-25 10:57:48 因子协方差包含字段: data, textdata, colheaders
2025-12-25 10:57:48 因子协方差数据类型: double, 维度: 39x39
2025-12-25 10:57:48 因子约束上限数据类型: double, 维度: 1x40
2025-12-25 10:57:48 跟踪误差约束: 0.080000
2025-12-25 10:57:48 处理后的因子约束上限维度: 39x1
2025-12-25 10:57:48 换手率约束包含字段: data, textdata, rowheaders
2025-12-25 10:57:48 最大换手率限制: 1.00
2025-12-25 10:57:48 从配置文件读取权重：分数权重=1.00, 夏普比率权重=0.00
2025-12-25 10:57:48 股票数量: 320
2025-12-25 10:57:48 警告: 因子约束上限向量长度不足，需41，实际为39
2025-12-25 10:57:48 已扩展因子约束上限向量长度至41
2025-12-25 10:57:48 警告: 因子约束下限向量长度不足，需41，实际为39
2025-12-25 10:57:48 已扩展因子约束下限向量长度至41
2025-12-25 10:57:48 风格权重上限维度: 11x1
2025-12-25 10:57:48 风格权重下限维度: 11x1
2025-12-25 10:57:48 行业权重上限维度: 30x1
2025-12-25 10:57:48 行业权重下限维度: 30x1
2025-12-25 10:57:48 警告: 股票风险暴露维度不足，需41列，实际只有39列
2025-12-25 10:57:48 警告: 指数风险暴露维度不足，需41列，实际只有39列
2025-12-25 10:57:48 风格风险暴露维度: 320x11
2025-12-25 10:57:48 行业风险暴露维度: 320x28
2025-12-25 10:57:48 指数风格风险暴露维度: 11x1
2025-12-25 10:57:48 指数行业风险暴露维度: 30x1
2025-12-25 10:57:48 计算协方差矩阵...
2025-12-25 10:57:48 将股票特异风险转换为列向量，维度: 320x1
2025-12-25 10:57:48 协方差矩阵不是正定的，最小特征值: -0.000000，添加正则化项
2025-12-25 10:57:48 协方差矩阵维度: 320x320
2025-12-25 10:57:48 初始权重包含字段: data, textdata, colheaders
2025-12-25 10:57:48 初始权重数据类型: double, 维度: 320x1
2025-12-25 10:57:48 昨天权重数据维度: 320x1, 代码数量: 320
2025-12-25 10:57:48 今天代码数量: 320
2025-12-25 10:57:48 昨天权重总和: 1.000000
2025-12-25 10:57:48 成功匹配股票代码: 211/320
2025-12-25 10:57:48 换手率基准权重总和: 1.000000
2025-12-25 10:57:48 使用昨天权重作为换手率计算基准（按代码匹配）
2025-12-25 10:57:48 检测到yes文件，应用权重约束...
2025-12-25 10:57:48 代码数量: 320, 权重数量: 320，允许权重约束
2025-12-25 10:57:48 应用yes权重后年化跟踪误差项为：0.023481
2025-12-25 10:57:48 权重约束应用完成，最终权重维度: 320x1
2025-12-25 10:57:48 转置后的股票分数维度: 1x320
2025-12-25 10:57:48 目标函数设置：分数权重=1.00, 夏普比率权重=0.00
2025-12-25 10:57:48 调试目标函数计算...
2025-12-25 10:57:48 协方差矩阵V检查:
2025-12-25 10:57:48   V维度: 320x320
2025-12-25 10:57:48   V中的NaN数量: 0
2025-12-25 10:57:48   V中的Inf数量: 0
2025-12-25 10:57:48   V中的负数数量: 21362
2025-12-25 10:57:48   V的最小值: -0.000193
2025-12-25 10:57:48   V的最大值: 0.003657
2025-12-25 10:57:48   V的最小特征值: 0.000001
2025-12-25 10:57:48 分数组件: 0.458063
2025-12-25 10:57:48 风险组件 (x'Vx*252): 0.048177
2025-12-25 10:57:48 风险标准差: 0.219493
2025-12-25 10:57:48 夏普比率组件: 2.086911
2025-12-25 10:57:48 目标函数值: 0.458063
2025-12-25 10:57:48 警告: 初始点权重和(1.140422)偏离1.0，进行归一化调整
2025-12-25 10:57:48 初始解维度: 320x1
2025-12-25 10:57:48 下界维度: 320x1
2025-12-25 10:57:48 上界维度: 320x1
2025-12-25 10:57:48 验证初始点:
2025-12-25 10:57:48 初始点 x0 中的 NaN: 0, Inf: 0
2025-12-25 10:57:48 初始点 x0 范围: [0.000000, 0.050039]
2025-12-25 10:57:48 初始点 x0 和: 1.000000
2025-12-25 10:57:48 初始点约束条件 g0 中的 NaN: 0, Inf: 0
2025-12-25 10:57:48 初始点约束条件 g0 范围: [-115501.010881, 0.000000]
2025-12-25 10:57:48 违反的约束数量: 0 / 84
2025-12-25 10:57:48 线性等式约束维度: Aeq(1x320), beq(1x1)
2025-12-25 10:57:48 优化选项设置完成: 算法=sqp, 最大函数评估次数=800000, 并行计算=true
2025-12-25 10:57:48 开始求解优化问题...
2025-12-25 10:57:48 开始求解优化问题
2025-12-25 10:57:50 fmincon 返回: exitflag=2, fval=-0.114264
2025-12-25 10:57:50 找到更好的可行解，使用该解
2025-12-25 10:57:50 优化完成，输出标志: 2
2025-12-25 10:57:50 优化完成，输出标志: 2
2025-12-25 10:57:50 目标函数值: -0.114266
2025-12-25 10:57:50 优化成功完成：
2025-12-25 10:57:50   目标函数在可行域内呈现非递减趋势
2025-12-25 10:57:50   约束条件在可行域内满足要求
2025-12-25 10:57:50 函数评估次数: 10310
2025-12-25 10:57:50 一阶最优性: 3.295588e-02
2025-12-25 10:57:50 约束违反值: 2.220446e-15
2025-12-25 10:57:50 检测到 21 个负数权重，将其设为0并重新归一化
2025-12-25 10:57:50 实际换手率: 1.0000 (限制: 1.0000)
2025-12-25 10:57:50 换手率基准权重总和: 1.0000
2025-12-25 10:57:50 最终权重总和: 1.0000
2025-12-25 10:57:50 最大权重变化: 0.0376 (股票: 688256.SH)
2025-12-25 10:57:50 投资组合风险: 0.036914
2025-12-25 10:57:50 最终分数: 0.114266
2025-12-25 10:57:50 权重总和: 1.000000
2025-12-25 10:57:50 风格风险维度: 11x1
2025-12-25 10:57:50 行业风险维度: 30x1
2025-12-25 10:57:50 行业风险比率维度: 30x1
2025-12-25 10:57:50 优化完成，总时间: 1.83秒
2025-12-25 10:57:50 优化完成: vp08_hs300_HB - 2025-11-06
2025-12-25 10:57:50 正在优化: vp08_hs300_HB - 2025-11-07
2025-12-25 10:57:50 MATLAB函数开始处理路径: E:\test\yfr\vp08_hs300_HB\2025-11-07
2025-12-25 10:57:50 配置文件不存在，使用默认配置
2025-12-25 10:57:50 使用指定的并行工作进程数: 6
2025-12-25 10:57:50 配置并行计算，最大工作进程数: 6
2025-12-25 10:57:50 复用现有并行池，6个工作进程
2025-12-25 10:57:50 开始读取数据...
2025-12-25 10:57:50 开始读取数据: E:\test\yfr\vp08_hs300_HB\2025-11-07
2025-12-25 10:57:50 风格因子数量: 11
2025-12-25 10:57:50 风格因子表类型: table, 维度: 11x1
2025-12-25 10:57:50 行业因子数量: 30
2025-12-25 10:57:50 行业因子表类型: table, 维度: 30x1
2025-12-25 10:57:50 股票风险暴露包含字段: data, textdata, colheaders
2025-12-25 10:57:50 股票风险暴露数据类型: double, 维度: 320x39
2025-12-25 10:57:50 股票分数包含字段: data, textdata, colheaders
2025-12-25 10:57:50 股票分数数据类型: double, 维度: 320x1
2025-12-25 10:57:50 权重下限包含字段: data, textdata, colheaders
2025-12-25 10:57:50 权重下限数据类型: double, 维度: 320x1
2025-12-25 10:57:50 权重上限包含字段: data, textdata, colheaders
2025-12-25 10:57:50 权重上限数据类型: double, 维度: 320x1
2025-12-25 10:57:50 指数初始权重包含字段: data, textdata, colheaders
2025-12-25 10:57:50 指数初始权重数据类型: double, 维度: 320x1
2025-12-25 10:57:50 股票特异风险包含字段: data, textdata, colheaders
2025-12-25 10:57:50 股票特异风险数据类型: double, 维度: 1x320
2025-12-25 10:57:50 因子协方差包含字段: data, textdata, colheaders
2025-12-25 10:57:50 因子协方差数据类型: double, 维度: 39x39
2025-12-25 10:57:50 因子约束上限数据类型: double, 维度: 1x40
2025-12-25 10:57:50 跟踪误差约束: 0.080000
2025-12-25 10:57:50 处理后的因子约束上限维度: 39x1
2025-12-25 10:57:50 换手率约束包含字段: data, textdata, rowheaders
2025-12-25 10:57:50 最大换手率限制: 1.00
2025-12-25 10:57:50 从配置文件读取权重：分数权重=1.00, 夏普比率权重=0.00
2025-12-25 10:57:50 股票数量: 320
2025-12-25 10:57:50 警告: 因子约束上限向量长度不足，需41，实际为39
2025-12-25 10:57:50 已扩展因子约束上限向量长度至41
2025-12-25 10:57:50 警告: 因子约束下限向量长度不足，需41，实际为39
2025-12-25 10:57:50 已扩展因子约束下限向量长度至41
2025-12-25 10:57:50 风格权重上限维度: 11x1
2025-12-25 10:57:50 风格权重下限维度: 11x1
2025-12-25 10:57:50 行业权重上限维度: 30x1
2025-12-25 10:57:50 行业权重下限维度: 30x1
2025-12-25 10:57:50 警告: 股票风险暴露维度不足，需41列，实际只有39列
2025-12-25 10:57:50 警告: 指数风险暴露维度不足，需41列，实际只有39列
2025-12-25 10:57:50 风格风险暴露维度: 320x11
2025-12-25 10:57:50 行业风险暴露维度: 320x28
2025-12-25 10:57:50 指数风格风险暴露维度: 11x1
2025-12-25 10:57:50 指数行业风险暴露维度: 30x1
2025-12-25 10:57:50 计算协方差矩阵...
2025-12-25 10:57:50 将股票特异风险转换为列向量，维度: 320x1
2025-12-25 10:57:50 协方差矩阵不是正定的，最小特征值: -0.000000，添加正则化项
2025-12-25 10:57:50 协方差矩阵维度: 320x320
2025-12-25 10:57:50 初始权重包含字段: data, textdata, colheaders
2025-12-25 10:57:50 初始权重数据类型: double, 维度: 320x1
2025-12-25 10:57:50 昨天权重数据维度: 320x1, 代码数量: 320
2025-12-25 10:57:50 今天代码数量: 320
2025-12-25 10:57:50 昨天权重总和: 0.999999
2025-12-25 10:57:50 成功匹配股票代码: 299/320
2025-12-25 10:57:50 换手率基准权重总和: 0.999999
2025-12-25 10:57:50 使用昨天权重作为换手率计算基准（按代码匹配）
2025-12-25 10:57:50 检测到yes文件，应用权重约束...
2025-12-25 10:57:50 代码数量: 320, 权重数量: 320，允许权重约束
2025-12-25 10:57:50 应用yes权重后年化跟踪误差项为：0.038442
2025-12-25 10:57:50 权重约束应用完成，最终权重维度: 320x1
2025-12-25 10:57:50 转置后的股票分数维度: 1x320
2025-12-25 10:57:50 目标函数设置：分数权重=1.00, 夏普比率权重=0.00
2025-12-25 10:57:50 调试目标函数计算...
2025-12-25 10:57:50 协方差矩阵V检查:
2025-12-25 10:57:50   V维度: 320x320
2025-12-25 10:57:50   V中的NaN数量: 0
2025-12-25 10:57:50   V中的Inf数量: 0
2025-12-25 10:57:50   V中的负数数量: 18132
2025-12-25 10:57:50   V的最小值: -0.000189
2025-12-25 10:57:50   V的最大值: 0.003316
2025-12-25 10:57:50   V的最小特征值: 0.000001
2025-12-25 10:57:50 分数组件: 0.043738
2025-12-25 10:57:50 风险组件 (x'Vx*252): 0.069757
2025-12-25 10:57:50 风险标准差: 0.264115
2025-12-25 10:57:50 夏普比率组件: 0.165602
2025-12-25 10:57:50 目标函数值: 0.043738
2025-12-25 10:57:50 警告: 初始点权重和(1.185147)偏离1.0，进行归一化调整
2025-12-25 10:57:50 初始解维度: 320x1
2025-12-25 10:57:50 下界维度: 320x1
2025-12-25 10:57:50 上界维度: 320x1
2025-12-25 10:57:50 验证初始点:
2025-12-25 10:57:50 初始点 x0 中的 NaN: 0, Inf: 0
2025-12-25 10:57:50 初始点 x0 范围: [0.000000, 0.048646]
2025-12-25 10:57:50 初始点 x0 和: 1.000000
2025-12-25 10:57:50 初始点约束条件 g0 中的 NaN: 0, Inf: 0
2025-12-25 10:57:50 初始点约束条件 g0 范围: [-115190.016050, 0.113263]
2025-12-25 10:57:50 违反的约束数量: 1 / 84
2025-12-25 10:57:50 违反的约束详情:
2025-12-25 10:57:50   风格因子上限违反: 1 / 11
2025-12-25 10:57:50   风格因子下限违反: 0 / 11
2025-12-25 10:57:50   行业因子上限违反: 0 / 30
2025-12-25 10:57:50   行业因子下限违反: 0 / 30
2025-12-25 10:57:50   跟踪误差约束违反: -0.061440 (限制: 0.080000)
2025-12-25 10:57:50   换手率约束违反: -0.491834 (限制: 1.000000)
2025-12-25 10:57:50 线性等式约束维度: Aeq(1x320), beq(1x1)
2025-12-25 10:57:50 优化选项设置完成: 算法=sqp, 最大函数评估次数=800000, 并行计算=true
2025-12-25 10:57:50 开始求解优化问题...
2025-12-25 10:57:50 开始求解优化问题
2025-12-25 10:57:52 fmincon 返回: exitflag=-2, fval=-0.013189
2025-12-25 10:57:52 优化完成，输出标志: -2
2025-12-25 10:57:52 优化完成，输出标志: -2
2025-12-25 10:57:52 目标函数值: -0.013189
2025-12-25 10:57:52 未找到可行解
2025-12-25 10:57:52 函数评估次数: 1975
2025-12-25 10:57:52 一阶最优性: 9.390824e-03
2025-12-25 10:57:52 约束违反值: 7.466887e-02
2025-12-25 10:57:52 检测到 105 个负数权重，将其设为0并重新归一化
2025-12-25 10:57:52 实际换手率: 0.9614 (限制: 1.0000)
2025-12-25 10:57:52 换手率基准权重总和: 1.0000
2025-12-25 10:57:52 最终权重总和: 1.0000
2025-12-25 10:57:52 最大权重变化: 0.0479 (股票: 300308.SZ)
2025-12-25 10:57:52 投资组合风险: 0.035061
2025-12-25 10:57:52 最终分数: 0.013189
2025-12-25 10:57:52 权重总和: 1.000000
2025-12-25 10:57:52 风格风险维度: 11x1
2025-12-25 10:57:52 行业风险维度: 30x1
2025-12-25 10:57:52 行业风险比率维度: 30x1
2025-12-25 10:57:52 优化完成，总时间: 1.99秒
2025-12-25 10:57:52 优化完成: vp08_hs300_HB - 2025-11-07
2025-12-25 10:57:52 投资组合 vp08_hs300_HB 优化完成
2025-12-25 10:57:52 所有投资组合批量优化完成
2025-12-25 10:57:52 正在读取配置文件: 
2025-12-25 10:57:53 从配置文件读取到 1 个投资组合
2025-12-25 10:57:53 
处理投资组合: vp08_hs300_HB (yfr)
2025-12-25 10:57:53 工作日列表: 2025-11-02 到 2025-11-07，共 5 天
2025-12-25 10:57:53   日期范围: 2025-11-02 到 2025-11-07，共 5 个工作日
2025-12-25 10:57:54 MATLAB:lang:DotIndexingFunctionRequiresParentheses
2025-12-25 12:46:26 Python return status: 2
2025-12-25 12:46:26 Running python script failed (status=2).
2025-12-25 13:00:28 Python executable not found: python
2025-12-25 13:01:11 Python return status: 0
2025-12-25 13:03:54 Python return status: 0
2025-12-25 13:25:00 Python return status: 0
2025-12-25 13:25:00 Python output:
2025-12-25 13:24:59 INFO     root: 上传 1600 行数据到表 yfr (database: qlib)
2025-12-25 13:25:00 INFO     importer: 导入 1600 行到 qlib.yfr
2025-12-25 13:37:52 Python return status: 0
2025-12-25 13:37:52 Python output:
2025-12-25 13:37:51 INFO     root: 上传 1600 行数据到表 yfr (database: qlib)
2025-12-25 13:37:52 INFO     importer: 导入 1600 行到 qlib.yfr
2025-12-25 13:38:41 Python return status: 0
2025-12-25 13:39:26 Python return status: 0
2025-12-25 13:39:27 Python output:
2025-12-25 13:39:26 INFO     root: 上传 1600 行数据到表 yfr (database: portfolio_backtest)
2025-12-25 13:39:26 INFO     importer: 导入 1600 行到 portfolio_backtest.yfr
