2025-12-26 09:52:18 
处理投资组合: vp08_hs300_HB 
2025-12-26 09:52:18   日期范围: 2025-11-02 到 2025-11-07
2025-12-26 09:52:19 工作日列表: 2025-11-02 到 2025-11-07，共 5 天
2025-12-26 09:52:25 目标股票数量: 320
2025-12-26 09:52:25 最终股票数量: 320 (其中指数成分股: 299, top股票: 10, 补充股票: 11)
2025-12-26 09:52:29 目标股票数量: 320
2025-12-26 09:52:29 最终股票数量: 320 (其中指数成分股: 299, top股票: 10, 补充股票: 11)
2025-12-26 09:52:34 目标股票数量: 320
2025-12-26 09:52:34 最终股票数量: 320 (其中指数成分股: 299, top股票: 10, 补充股票: 11)
2025-12-26 09:52:38 目标股票数量: 320
2025-12-26 09:52:38 最终股票数量: 320 (其中指数成分股: 299, top股票: 10, 补充股票: 11)
2025-12-26 09:52:43 目标股票数量: 320
2025-12-26 09:52:43 最终股票数量: 320 (其中指数成分股: 299, top股票: 10, 补充股票: 11)
2025-12-26 09:52:45 
处理投资组合: vp08_hs300_HB 
2025-12-26 09:52:45   日期范围: 2025-11-01 到 2025-11-05
2025-12-26 09:52:45 工作日列表: 2025-11-01 到 2025-11-05，共 3 天
2025-12-26 09:52:48 目标股票数量: 320
2025-12-26 09:52:48 最终股票数量: 320 (其中指数成分股: 299, top股票: 10, 补充股票: 11)
2025-12-26 09:52:52 目标股票数量: 320
2025-12-26 09:52:52 最终股票数量: 320 (其中指数成分股: 299, top股票: 10, 补充股票: 11)
2025-12-26 09:52:56 目标股票数量: 320
2025-12-26 09:52:56 最终股票数量: 320 (其中指数成分股: 299, top股票: 10, 补充股票: 11)
2025-12-26 10:05:10 
处理投资组合: vp08_hs300_HB 
2025-12-26 10:05:10   日期范围: 2025-11-02 到 2025-11-07
2025-12-26 10:05:10 工作日列表: 2025-11-02 到 2025-11-07，共 5 天
2025-12-26 10:05:10 
处理投资组合: vp08_hs300_HB 
2025-12-26 10:05:10   日期范围: 2025-11-01 到 2025-11-05
2025-12-26 10:05:10 工作日列表: 2025-11-01 到 2025-11-05，共 3 天
2025-12-26 10:05:11 从配置文件读取到 2 个投资组合
2025-12-26 10:05:11 开始优化投资组合: vp08_hs300_HB 
2025-12-26 10:05:11   日期范围: 2025-11-02 到 2025-11-07
2025-12-26 10:05:11 工作日列表: 2025-11-02 到 2025-11-07，共 5 天
2025-12-26 10:05:11 正在优化: vp08_hs300_HB - 2025-11-03
2025-12-26 10:05:12 MATLAB函数开始处理路径: E:\test\yfr\vp08_hs300_HB\2025-11-03
2025-12-26 10:05:12 配置文件不存在，使用默认配置
2025-12-26 10:05:12 使用指定的并行工作进程数: 6
2025-12-26 10:05:12 配置并行计算，最大工作进程数: 6
2025-12-26 10:05:12 创建新并行池 6 个工作进程
2025-12-26 10:05:12 创建新并行池 6 个工作进程
2025-12-26 10:05:49 
处理投资组合: vp08_hs300_HB 
2025-12-26 10:05:49   日期范围: 2025-11-02 到 2025-11-07
2025-12-26 10:05:49 工作日列表: 2025-11-02 到 2025-11-07，共 5 天
2025-12-26 10:05:49 
处理投资组合: vp08_hs300_HB 
2025-12-26 10:05:49   日期范围: 2025-11-01 到 2025-11-05
2025-12-26 10:05:50 工作日列表: 2025-11-01 到 2025-11-05，共 3 天
2025-12-26 10:05:50 从配置文件读取到 2 个投资组合
2025-12-26 10:05:50 开始优化投资组合: vp08_hs300_HB 
2025-12-26 10:05:50   日期范围: 2025-11-02 到 2025-11-07
2025-12-26 10:05:51 工作日列表: 2025-11-02 到 2025-11-07，共 5 天
2025-12-26 10:05:51 正在优化: vp08_hs300_HB - 2025-11-03
2025-12-26 10:05:51 MATLAB函数开始处理路径: E:\test\yfr\vp08_hs300_HB\2025-11-03
2025-12-26 10:05:51 配置文件不存在，使用默认配置
2025-12-26 10:05:51 使用指定的并行工作进程数: 6
2025-12-26 10:05:51 配置并行计算，最大工作进程数: 6
2025-12-26 10:05:51 创建新并行池 6 个工作进程
2025-12-26 10:05:51 创建新并行池 6 个工作进程
2025-12-26 10:11:24 
处理投资组合: vp08_hs300_HB 
2025-12-26 10:11:24   日期范围: 2025-11-02 到 2025-11-07
2025-12-26 10:11:24 工作日列表: 2025-11-02 到 2025-11-07，共 5 天
2025-12-26 10:11:28 目标股票数量: 320
2025-12-26 10:11:28 最终股票数量: 320 (其中指数成分股: 299, top股票: 10, 补充股票: 11)
2025-12-26 10:11:32 目标股票数量: 320
2025-12-26 10:11:32 最终股票数量: 320 (其中指数成分股: 299, top股票: 10, 补充股票: 11)
2025-12-26 10:11:36 目标股票数量: 320
2025-12-26 10:11:36 最终股票数量: 320 (其中指数成分股: 299, top股票: 10, 补充股票: 11)
2025-12-26 10:11:40 目标股票数量: 320
2025-12-26 10:11:40 最终股票数量: 320 (其中指数成分股: 299, top股票: 10, 补充股票: 11)
2025-12-26 10:11:45 目标股票数量: 320
2025-12-26 10:11:45 最终股票数量: 320 (其中指数成分股: 299, top股票: 10, 补充股票: 11)
2025-12-26 10:11:47 
处理投资组合: vp08_hs300_HB 
2025-12-26 10:11:47   日期范围: 2025-11-01 到 2025-11-05
2025-12-26 10:11:47 工作日列表: 2025-11-01 到 2025-11-05，共 3 天
2025-12-26 10:11:49 目标股票数量: 320
2025-12-26 10:11:49 最终股票数量: 320 (其中指数成分股: 299, top股票: 10, 补充股票: 11)
2025-12-26 10:11:53 目标股票数量: 320
2025-12-26 10:11:53 最终股票数量: 320 (其中指数成分股: 299, top股票: 10, 补充股票: 11)
2025-12-26 10:36:25 
处理投资组合: vp08_hs300_HB 
2025-12-26 10:36:25   日期范围: 2025-11-02 到 2025-11-07
2025-12-26 10:36:26 工作日列表: 2025-11-02 到 2025-11-07，共 5 天
2025-12-26 10:36:28 目标股票数量: 320
2025-12-26 10:36:28 最终股票数量: 320 (其中指数成分股: 299, top股票: 10, 补充股票: 11)
2025-12-26 10:36:32 目标股票数量: 320
2025-12-26 10:36:32 最终股票数量: 320 (其中指数成分股: 299, top股票: 10, 补充股票: 11)
2025-12-26 10:36:36 目标股票数量: 320
2025-12-26 10:36:36 最终股票数量: 320 (其中指数成分股: 299, top股票: 10, 补充股票: 11)
2025-12-26 10:36:41 目标股票数量: 320
2025-12-26 10:36:41 最终股票数量: 320 (其中指数成分股: 299, top股票: 10, 补充股票: 11)
2025-12-26 10:36:45 目标股票数量: 320
2025-12-26 10:36:45 最终股票数量: 320 (其中指数成分股: 299, top股票: 10, 补充股票: 11)
2025-12-26 10:36:46 
处理投资组合: vp08_hs300_HB 
2025-12-26 10:36:46   日期范围: 2025-11-01 到 2025-11-05
2025-12-26 10:36:47 工作日列表: 2025-11-01 到 2025-11-05，共 3 天
2025-12-26 10:36:49 目标股票数量: 320
2025-12-26 10:36:49 最终股票数量: 320 (其中指数成分股: 299, top股票: 10, 补充股票: 11)
2025-12-26 10:41:50 
处理投资组合: vp08_hs300_HB 
2025-12-26 10:41:50   日期范围: 2025-11-02 到 2025-11-05
2025-12-26 10:41:50 工作日列表: 2025-11-02 到 2025-11-05，共 3 天
2025-12-26 10:41:54 目标股票数量: 320
2025-12-26 10:41:54 最终股票数量: 320 (其中指数成分股: 299, top股票: 10, 补充股票: 11)
2025-12-26 10:41:58 目标股票数量: 320
2025-12-26 10:41:58 最终股票数量: 320 (其中指数成分股: 299, top股票: 10, 补充股票: 11)
2025-12-26 10:42:03 目标股票数量: 320
2025-12-26 10:42:03 最终股票数量: 320 (其中指数成分股: 299, top股票: 10, 补充股票: 11)
2025-12-26 10:42:04 
处理投资组合: vp08_hs300_HB 
2025-12-26 10:42:04   日期范围: 2025-11-01 到 2025-11-05
2025-12-26 10:42:05 工作日列表: 2025-11-01 到 2025-11-05，共 3 天
2025-12-26 10:42:07 目标股票数量: 320
2025-12-26 10:42:07 最终股票数量: 320 (其中指数成分股: 299, top股票: 10, 补充股票: 11)
2025-12-26 10:49:28 
处理投资组合: vp08_hs300_HB 
2025-12-26 10:49:28   日期范围: 2025-11-02 到 2025-11-04
2025-12-26 10:49:28 工作日列表: 2025-11-02 到 2025-11-04，共 2 天
2025-12-26 10:49:31 目标股票数量: 320
2025-12-26 10:49:31 最终股票数量: 320 (其中指数成分股: 299, top股票: 10, 补充股票: 11)
2025-12-26 10:49:35 目标股票数量: 320
2025-12-26 10:49:35 最终股票数量: 320 (其中指数成分股: 299, top股票: 10, 补充股票: 11)
2025-12-26 10:49:36 
处理投资组合: vp08_hs300_HB 
2025-12-26 10:49:36   日期范围: 2025-11-01 到 2025-11-04
2025-12-26 10:49:37 工作日列表: 2025-11-01 到 2025-11-04，共 2 天
2025-12-26 10:49:39 目标股票数量: 320
2025-12-26 10:49:39 最终股票数量: 320 (其中指数成分股: 299, top股票: 10, 补充股票: 11)
2025-12-26 11:00:16 正在读取配置文件: 
2025-12-26 11:03:23 正在读取配置文件: 
2025-12-26 11:26:47 正在读取配置文件: 
2025-12-26 12:16:03 正在读取配置文件: 
2025-12-26 12:16:31 正在读取配置文件: 
2025-12-26 14:29:10 
处理投资组合: vp08_hs300_HB 
2025-12-26 14:29:10   日期范围: 2025-11-01 到 2025-11-04
2025-12-26 14:29:10 工作日列表: 2025-11-01 到 2025-11-04，共 2 天
2025-12-26 14:29:10 
处理投资组合: vp08_hs300_HB 
2025-12-26 14:29:10   日期范围: 2025-11-02 到 2025-11-04
2025-12-26 14:29:10 工作日列表: 2025-11-02 到 2025-11-04，共 2 天
2025-12-26 14:29:11 从配置文件读取到 2 个投资组合
2025-12-26 14:29:11 开始优化投资组合: vp08_hs300_HB 
2025-12-26 14:29:11   日期范围: 2025-11-01 到 2025-11-04
2025-12-26 14:29:11 工作日列表: 2025-11-01 到 2025-11-04，共 2 天
2025-12-26 14:29:11 正在优化: vp08_hs300_HB - 2025-11-03
2025-12-26 14:29:11 MATLAB函数开始处理路径: E:\test\yfr\vp08_hs300_HB\2025-11-03
2025-12-26 14:29:11 配置文件不存在，使用默认配置
2025-12-26 14:29:11 使用指定的并行工作进程数: 6
2025-12-26 14:29:11 配置并行计算，最大工作进程数: 6
2025-12-26 14:29:11 创建新并行池 6 个工作进程
2025-12-26 14:29:11 创建新并行池 6 个工作进程
2025-12-26 14:59:29 
处理投资组合: vp08_hs300_HB 
2025-12-26 14:59:29   日期范围: 2025-11-01 到 2025-11-04
2025-12-26 14:59:29 工作日列表: 2025-11-01 到 2025-11-04，共 2 天
2025-12-26 14:59:34 目标股票数量: 320
2025-12-26 14:59:34 最终股票数量: 320 (其中指数成分股: 299, top股票: 10, 补充股票: 11)
2025-12-26 14:59:39 目标股票数量: 320
2025-12-26 14:59:39 最终股票数量: 320 (其中指数成分股: 299, top股票: 10, 补充股票: 11)
2025-12-26 14:59:41 
处理投资组合: vp08_hs300_HB 
2025-12-26 14:59:41   日期范围: 2025-11-02 到 2025-11-04
2025-12-26 14:59:41 工作日列表: 2025-11-02 到 2025-11-04，共 2 天
2025-12-26 14:59:44 目标股票数量: 320
2025-12-26 14:59:44 最终股票数量: 320 (其中指数成分股: 299, top股票: 10, 补充股票: 11)
2025-12-26 14:59:48 目标股票数量: 320
2025-12-26 14:59:48 最终股票数量: 320 (其中指数成分股: 299, top股票: 10, 补充股票: 11)
2025-12-26 14:59:50 从配置文件读取到 2 个投资组合
2025-12-26 14:59:50 开始优化投资组合: vp08_hs300_HB 
2025-12-26 14:59:50   日期范围: 2025-11-01 到 2025-11-04
2025-12-26 14:59:50 工作日列表: 2025-11-01 到 2025-11-04，共 2 天
2025-12-26 14:59:50 正在优化: vp08_hs300_HB - 2025-11-03
2025-12-26 14:59:50 MATLAB函数开始处理路径: E:\test\yfr\vp08_hs300_HB\2025-11-03
2025-12-26 14:59:50 配置文件不存在，使用默认配置
2025-12-26 14:59:50 使用指定的并行工作进程数: 6
2025-12-26 14:59:50 配置并行计算，最大工作进程数: 6
2025-12-26 14:59:50 创建新并行池 6 个工作进程
2025-12-26 14:59:50 创建新并行池 6 个工作进程
2025-12-26 15:09:08 正在读取配置文件: 
2025-12-26 15:09:18 
处理投资组合: vp08_hs300_HB 
2025-12-26 15:09:18   日期范围: 2025-11-01 到 2025-11-04
2025-12-26 15:09:18 工作日列表: 2025-11-01 到 2025-11-04，共 2 天
2025-12-26 15:40:04 
处理投资组合: vp08_hs300_HB 
2025-12-26 15:40:04   日期范围: 2025-11-01 到 2025-11-04
2025-12-26 15:40:04 工作日列表: 2025-11-01 到 2025-11-04，共 2 天
2025-12-26 15:40:07 股票权重约束函数执行失败: 函数或变量 'top_number' 无法识别。
2025-12-26 15:40:07 错误位置: stock_weight_constraint_matlab (第 81 行)
2025-12-26 15:40:07 尝试从df_score中获取高分股票...
2025-12-26 15:40:10 股票权重约束函数执行失败: 函数或变量 'top_number' 无法识别。
2025-12-26 15:40:10 错误位置: stock_weight_constraint_matlab (第 81 行)
2025-12-26 15:40:10 尝试从df_score中获取高分股票...
2025-12-26 15:40:10 
处理投资组合: vp08_hs300_HB 
2025-12-26 15:40:10   日期范围: 2025-11-02 到 2025-11-04
2025-12-26 15:40:10 工作日列表: 2025-11-02 到 2025-11-04，共 2 天
2025-12-26 15:43:05 
处理投资组合: vp08_hs300_HB 
2025-12-26 15:43:05   日期范围: 2025-11-01 到 2025-11-04
2025-12-26 15:43:06 工作日列表: 2025-11-01 到 2025-11-04，共 2 天
2025-12-26 15:48:07 
处理投资组合: vp08_hs300_HB 
2025-12-26 15:48:07   日期范围: 2025-11-01 到 2025-11-04
2025-12-26 15:48:07 工作日列表: 2025-11-01 到 2025-11-04，共 2 天
2025-12-26 15:48:44 
处理投资组合: vp08_hs300_HB 
2025-12-26 15:48:44   日期范围: 2025-11-01 到 2025-11-04
2025-12-26 15:48:45 工作日列表: 2025-11-01 到 2025-11-04，共 2 天
2025-12-26 15:48:47 股票权重约束函数执行失败: 函数或变量 'top_number' 无法识别。
2025-12-26 15:48:47 错误位置: stock_weight_constraint_matlab (第 81 行)
2025-12-26 15:48:47 尝试从df_score中获取高分股票...
2025-12-26 15:48:49 股票权重约束函数执行失败: 函数或变量 'top_number' 无法识别。
2025-12-26 15:48:49 错误位置: stock_weight_constraint_matlab (第 81 行)
2025-12-26 15:48:49 尝试从df_score中获取高分股票...
2025-12-26 15:48:49 
处理投资组合: vp08_hs300_HB 
2025-12-26 15:48:49   日期范围: 2025-11-02 到 2025-11-04
2025-12-26 17:09:32 
处理投资组合: vp08_hs300_HB 
2025-12-26 17:09:32   日期范围: 2025-11-01 到 2025-11-04
2025-12-26 17:09:32 工作日列表: 2025-11-01 到 2025-11-04，共 2 天
2025-12-26 17:09:35 警告：top_weight_upper参数读取失败，使用默认值1.00
2025-12-26 17:09:35 警告：top_weight_lower参数读取失败，使用默认值0.80
2025-12-26 17:09:35 股票权重约束函数执行失败: Unknown constraint_mode: constraint_mode
2025-12-26 17:09:35 错误位置: stock_weight_constraint_matlab (第 192 行)
2025-12-26 17:09:35 尝试从df_score中获取高分股票...
2025-12-26 17:09:37 警告：top_weight_upper参数读取失败，使用默认值1.00
2025-12-26 17:09:37 警告：top_weight_lower参数读取失败，使用默认值0.80
2025-12-26 17:09:37 股票权重约束函数执行失败: Unknown constraint_mode: constraint_mode
2025-12-26 17:09:37 错误位置: stock_weight_constraint_matlab (第 192 行)
2025-12-26 17:09:37 尝试从df_score中获取高分股票...
2025-12-26 17:09:37 
处理投资组合: vp08_hs300_HB 
2025-12-26 17:09:37   日期范围: 2025-11-02 到 2025-11-04
2025-12-26 17:09:38 工作日列表: 2025-11-02 到 2025-11-04，共 2 天
